TN:
SF:/Volumes/src/life/src/main.rs
FN:15,main
FN:19,hello
FNF:2
FNDA:0,main
FNDA:0,hello
DA:15,0
DA:16,0
DA:19,0
DA:20,0
DA:21,0
DA:22,0
DA:23,0
DA:24,0
DA:25,0
DA:29,0
DA:39,0
DA:40,0
DA:42,0
DA:43,0
DA:45,0
DA:47,0
DA:48,0
DA:49,0
DA:50,0
DA:55,0
DA:56,0
DA:58,0
DA:59,0
DA:61,0
DA:62,0
DA:63,0
DA:64,0
DA:66,0
DA:67,0
DA:69,0
DA:70,0
DA:76,0
DA:77,0
LF:33
LH:0
end_of_record
TN:
SF:/Volumes/src/life/src/sim/cache.rs
FN:9,<impl Default for StateCache<T>>::default
FN:21,StateCache<T>::insert
FNF:2
FNDA:0,<impl Default for StateCache<T>>::default
FNDA:0,StateCache<T>::insert
DA:9,0
DA:11,0
DA:12,0
DA:21,0
DA:22,0
DA:23,0
DA:25,0
DA:26,0
DA:29,0
DA:30,0
DA:32,0
LF:11
LH:0
end_of_record
TN:
SF:/Volumes/src/life/src/sim/color.rs
FN:10,<impl Default for ColorData>::default
FN:18,Palette::randomize
FN:29,Palette::generate
FNF:3
FNDA:0,<impl Default for ColorData>::default
FNDA:0,Palette::randomize
FNDA:0,Palette::generate
DA:10,0
DA:11,0
DA:18,0
DA:23,0
DA:25,0
DA:29,0
DA:35,0
DA:36,0
DA:37,0
DA:38,0
DA:39,0
DA:40,0
DA:41,0
DA:42,0
DA:43,0
DA:44,0
DA:45,0
DA:46,0
DA:47,0
DA:48,0
DA:49,0
DA:50,0
DA:51,0
DA:53,0
DA:54,0
DA:55,0
DA:56,0
DA:57,0
LF:28
LH:0
end_of_record
TN:
SF:/Volumes/src/life/src/sim/graph.rs
FN:25,<impl Iterator for Graph<N,B,R>>::next
FN:55,Graph<N,B,R>::iter
FNF:2
FNDA:0,<impl Iterator for Graph<N,B,R>>::next
FNDA:0,Graph<N,B,R>::iter
DA:25,0
DA:26,0
DA:27,0
DA:30,0
DA:32,0
DA:33,0
DA:34,0
DA:35,0
DA:36,0
DA:37,0
DA:38,0
DA:39,0
DA:41,0
DA:42,0
DA:43,0
DA:45,0
DA:55,0
DA:56,0
DA:58,0
LF:19
LH:0
end_of_record
TN:
SF:/Volumes/src/life/src/sim/grid_node/mod.rs
FN:9,<impl Node for GridNode>::neighbors
FN:35,<impl Bounds for WrapBounds>::transform
FN:55,<impl Bounds for OutOfBounds>::transform
FNF:3
FNDA:0,<impl Node for GridNode>::neighbors
FNDA:0,<impl Bounds for WrapBounds>::transform
FNDA:0,<impl Bounds for OutOfBounds>::transform
DA:9,0
DA:10,0
DA:11,0
DA:12,0
DA:13,0
DA:14,0
DA:15,0
DA:16,0
DA:17,0
DA:18,0
DA:35,0
DA:36,0
DA:37,0
DA:39,0
DA:40,0
DA:42,0
DA:43,0
DA:45,0
DA:46,0
DA:48,0
DA:55,0
DA:56,0
DA:57,0
DA:58,0
DA:59,0
DA:61,0
DA:62,0
LF:27
LH:0
end_of_record
TN:
SF:/Volumes/src/life/src/sim/grid_node/paint.rs
FN:5,f64_to_u8
FN:9,clear_terminal
FN:13,reset_terminal
FN:20,paint_terminal
FNF:4
FNDA:0,f64_to_u8
FNDA:0,clear_terminal
FNDA:0,reset_terminal
FNDA:0,paint_terminal
DA:5,0
DA:6,0
DA:9,0
DA:10,0
DA:13,0
DA:14,0
DA:20,0
DA:21,0
DA:22,0
DA:23,0
DA:25,0
DA:26,0
DA:27,0
DA:28,0
DA:29,0
DA:31,0
DA:34,0
DA:35,0
DA:37,0
DA:38,0
DA:39,0
DA:41,0
DA:42,0
DA:44,0
DA:45,0
DA:47,0
DA:49,0
DA:50,0
DA:51,0
DA:52,0
DA:55,0
DA:57,0
DA:58,0
DA:60,0
LF:34
LH:0
end_of_record
TN:
SF:/Volumes/src/life/src/sim/rules.rs
FN:10,<impl Rules for ConwayRules>::generate
FNF:1
FNDA:0,<impl Rules for ConwayRules>::generate
DA:10,0
DA:11,0
DA:12,0
DA:13,0
LF:4
LH:0
end_of_record
